<?xml version="1.0" encoding="UTF-8"?>
<!-- Generated by org.testng.reporters.JUnitXMLReporter -->
<testsuite hostname="PS8586" name="Create Caption Type " tests="6" failures="0" timestamp="20 Jul 2015 12:24:06 GMT" time="178.091" errors="0">
  <testcase name="verifyCreateCaptiontype" time="10.772" classname="com.emotion.tests.CaptionTypeTests"/>
  <testcase name="verifyCreateCaptiontype" time="11.421" classname="com.emotion.tests.CaptionTypeTests"/>
  <testcase name="metadataCaptionType" time="63.914" classname="com.emotion.tests.CaptionTypeTests"/>
  <testcase name="editCaptionTypeView" time="52.177" classname="com.emotion.tests.CaptionTypeTests"/>
  <testcase name="cloneCaptionType" time="12.018" classname="com.emotion.tests.CaptionTypeTests"/>
  <testcase name="deleteCaptionType" time="6.755" classname="com.emotion.tests.CaptionTypeTests"/>
</testsuite> <!-- Create Caption Type  -->
