<?xml version="1.0" encoding="UTF-8"?>
<!-- Generated by org.testng.reporters.JUnitXMLReporter -->
<testsuite hostname="PS8586" name="MMOD Login tests" tests="9" failures="0" timestamp="11 Dec 2015 13:41:19 GMT" time="147.855" errors="0">
  <testcase name="verifyInvalidLogins" time="115.372" classname="com.emotion.tests.LoginTests"/>
  <testcase name="verifyInvalidLogins" time="2.082" classname="com.emotion.tests.LoginTests"/>
  <testcase name="verifyInvalidLogins" time="2.563" classname="com.emotion.tests.LoginTests"/>
  <testcase name="verifyInvalidLogins" time="1.901" classname="com.emotion.tests.LoginTests"/>
  <testcase name="verifyInvalidLogins" time="2.502" classname="com.emotion.tests.LoginTests"/>
  <testcase name="verifyInvalidLogins" time="1.914" classname="com.emotion.tests.LoginTests"/>
  <testcase name="verifyInvalidLogins" time="1.908" classname="com.emotion.tests.LoginTests"/>
  <testcase name="verifyInvalidLogins" time="2.029" classname="com.emotion.tests.LoginTests"/>
  <testcase name="verifyValidLogin" time="2.021" classname="com.emotion.tests.LoginTests"/>
</testsuite> <!-- MMOD Login tests -->
